<?xml version="1.0" encoding="UTF-8"?>
<testng-results skipped="0" failed="0" ignored="0" total="1" passed="1">
  <reporter-output>
  </reporter-output>
  <suite name="Suite" duration-ms="135786" started-at="2022-05-26T15:59:48 IST" finished-at="2022-05-26T16:02:03 IST">
    <groups>
    </groups>
    <test name="TestChrome" duration-ms="135786" started-at="2022-05-26T15:59:48 IST" finished-at="2022-05-26T16:02:03 IST">
      <class name="com.opencart.testcases.TC_LoginTest_001">
        <test-method status="PASS" signature="setup(java.lang.String)[pri:0, instance:com.opencart.testcases.TC_LoginTest_001@262b2c86]" name="setup" is-config="true" duration-ms="50263" started-at="2022-05-26T15:59:48 IST" finished-at="2022-05-26T16:00:39 IST">
          <params>
            <param index="0">
              <value>
                <![CDATA[chrome]]>
              </value>
            </param>
          </params>
          <reporter-output>
          </reporter-output>
        </test-method> <!-- setup -->
        <test-method status="PASS" signature="loginTest()[pri:0, instance:com.opencart.testcases.TC_LoginTest_001@262b2c86]" name="loginTest" duration-ms="72972" started-at="2022-05-26T16:00:39 IST" finished-at="2022-05-26T16:01:52 IST">
          <reporter-output>
          </reporter-output>
        </test-method> <!-- loginTest -->
        <test-method status="PASS" signature="tearDown()[pri:0, instance:com.opencart.testcases.TC_LoginTest_001@262b2c86]" name="tearDown" is-config="true" duration-ms="11704" started-at="2022-05-26T16:01:52 IST" finished-at="2022-05-26T16:02:03 IST">
          <reporter-output>
          </reporter-output>
        </test-method> <!-- tearDown -->
      </class> <!-- com.opencart.testcases.TC_LoginTest_001 -->
    </test> <!-- TestChrome -->
  </suite> <!-- Suite -->
</testng-results>
