<?xml version="1.0" encoding="UTF-8"?>
<testng-results skipped="0" failed="0" ignored="0" total="1" passed="1">
  <reporter-output>
  </reporter-output>
  <suite name="Suite" duration-ms="86178" started-at="2022-05-26T17:49:02 IST" finished-at="2022-05-26T17:50:28 IST">
    <groups>
    </groups>
    <test name="TestChrome" duration-ms="86178" started-at="2022-05-26T17:49:02 IST" finished-at="2022-05-26T17:50:28 IST">
      <class name="com.opencart.testcases.TC_LoginTest_001">
        <test-method status="PASS" signature="setup(java.lang.String)[pri:0, instance:com.opencart.testcases.TC_LoginTest_001@7ba18f1b]" name="setup" is-config="true" duration-ms="47032" started-at="2022-05-26T17:49:04 IST" finished-at="2022-05-26T17:49:51 IST">
          <params>
            <param index="0">
              <value>
                <![CDATA[chrome]]>
              </value>
            </param>
          </params>
          <reporter-output>
          </reporter-output>
        </test-method> <!-- setup -->
        <test-method status="PASS" signature="loginTest()[pri:0, instance:com.opencart.testcases.TC_LoginTest_001@7ba18f1b]" name="loginTest" duration-ms="33906" started-at="2022-05-26T17:49:51 IST" finished-at="2022-05-26T17:50:25 IST">
          <reporter-output>
          </reporter-output>
        </test-method> <!-- loginTest -->
        <test-method status="PASS" signature="tearDown()[pri:0, instance:com.opencart.testcases.TC_LoginTest_001@7ba18f1b]" name="tearDown" is-config="true" duration-ms="2570" started-at="2022-05-26T17:50:25 IST" finished-at="2022-05-26T17:50:28 IST">
          <reporter-output>
          </reporter-output>
        </test-method> <!-- tearDown -->
      </class> <!-- com.opencart.testcases.TC_LoginTest_001 -->
    </test> <!-- TestChrome -->
  </suite> <!-- Suite -->
</testng-results>
